<?xml version="1.0" encoding="UTF-8" standalone="yes"?><!DOCTYPE report PUBLIC "-//JACOCO//DTD Report 1.1//EN" "report.dtd"><report name="Service"><sessioninfo id="DESKTOP-DCFE91D-facdc19b" start="1656946495197" dump="1656946495585"/><package name="com/test/test_module"><class name="com/test/test_module/ServicesClass" sourcefilename="ServicesClass.java"><method name="&lt;init&gt;" desc="()V" line="6"><counter type="INSTRUCTION" missed="0" covered="3"/><counter type="LINE" missed="0" covered="1"/><counter type="COMPLEXITY" missed="0" covered="1"/><counter type="METHOD" missed="0" covered="1"/></method><method name="randomGenerator" desc="()Ljava/lang/String;" line="9"><counter type="INSTRUCTION" missed="0" covered="30"/><counter type="BRANCH" missed="0" covered="2"/><counter type="LINE" missed="0" covered="6"/><counter type="COMPLEXITY" missed="0" covered="2"/><counter type="METHOD" missed="0" covered="1"/></method><method name="dataEncoder" desc="(Ljava/util/Map;[[Ljava/lang/Object;II)Ljava/lang/Boolean;" line="20"><counter type="INSTRUCTION" missed="0" covered="34"/><counter type="BRANCH" missed="0" covered="4"/><counter type="LINE" missed="0" covered="7"/><counter type="COMPLEXITY" missed="0" covered="3"/><counter type="METHOD" missed="0" covered="1"/></method><method name="ObjectToArray" desc="([[Ljava/lang/Object;II)[[Ljava/lang/String;" line="33"><counter type="INSTRUCTION" missed="0" covered="31"/><counter type="BRANCH" missed="0" covered="4"/><counter type="LINE" missed="0" covered="5"/><counter type="COMPLEXITY" missed="0" covered="3"/><counter type="METHOD" missed="0" covered="1"/></method><method name="saveFile" desc="([[Ljava/lang/String;Ljava/lang/String;)Ljava/lang/Boolean;" line="49"><counter type="INSTRUCTION" missed="13" covered="84"/><counter type="BRANCH" missed="0" covered="6"/><counter type="LINE" missed="3" covered="14"/><counter type="COMPLEXITY" missed="0" covered="4"/><counter type="METHOD" missed="0" covered="1"/></method><method name="readFile" desc="(Ljava/lang/String;)[[Ljava/lang/String;" line="78"><counter type="INSTRUCTION" missed="0" covered="101"/><counter type="BRANCH" missed="0" covered="10"/><counter type="LINE" missed="0" covered="25"/><counter type="COMPLEXITY" missed="0" covered="6"/><counter type="METHOD" missed="0" covered="1"/></method><method name="printArray" desc="([[Ljava/lang/String;)V" line="121"><counter type="INSTRUCTION" missed="0" covered="65"/><counter type="BRANCH" missed="0" covered="4"/><counter type="LINE" missed="0" covered="9"/><counter type="COMPLEXITY" missed="0" covered="3"/><counter type="METHOD" missed="0" covered="1"/></method><method name="addColumn" desc="([[Ljava/lang/String;ILjava/lang/String;Ljava/lang/String;)[[Ljava/lang/String;" line="135"><counter type="INSTRUCTION" missed="11" covered="81"/><counter type="BRANCH" missed="0" covered="10"/><counter type="LINE" missed="2" covered="10"/><counter type="COMPLEXITY" missed="0" covered="6"/><counter type="METHOD" missed="0" covered="1"/></method><method name="sortTable" desc="([[Ljava/lang/String;Ljava/lang/String;)[[Ljava/lang/String;" line="160"><counter type="INSTRUCTION" missed="3" covered="75"/><counter type="BRANCH" missed="1" covered="10"/><counter type="LINE" missed="1" covered="13"/><counter type="COMPLEXITY" missed="1" covered="6"/><counter type="METHOD" missed="0" covered="1"/></method><method name="editData" desc="([[Ljava/lang/String;IILjava/lang/String;Ljava/lang/String;)[[Ljava/lang/String;" line="198"><counter type="INSTRUCTION" missed="7" covered="109"/><counter type="BRANCH" missed="1" covered="6"/><counter type="LINE" missed="3" covered="18"/><counter type="COMPLEXITY" missed="1" covered="4"/><counter type="METHOD" missed="0" covered="1"/></method><method name="search" desc="([[Ljava/lang/String;Ljava/lang/String;)Ljava/lang/String;" line="250"><counter type="INSTRUCTION" missed="0" covered="150"/><counter type="BRANCH" missed="0" covered="14"/><counter type="LINE" missed="0" covered="28"/><counter type="COMPLEXITY" missed="0" covered="8"/><counter type="METHOD" missed="0" covered="1"/></method><counter type="INSTRUCTION" missed="34" covered="763"/><counter type="BRANCH" missed="2" covered="70"/><counter type="LINE" missed="9" covered="136"/><counter type="COMPLEXITY" missed="2" covered="46"/><counter type="METHOD" missed="0" covered="11"/><counter type="CLASS" missed="0" covered="1"/></class><sourcefile name="ServicesClass.java"><line nr="6" mi="0" ci="3" mb="0" cb="0"/><line nr="9" mi="0" ci="4" mb="0" cb="0"/><line nr="10" mi="0" ci="5" mb="0" cb="0"/><line nr="11" mi="0" ci="2" mb="0" cb="0"/><line nr="12" mi="0" ci="7" mb="0" cb="2"/><line nr="13" mi="0" ci="9" mb="0" cb="0"/><line nr="15" mi="0" ci="3" mb="0" cb="0"/><line nr="20" mi="0" ci="7" mb="0" cb="2"/><line nr="21" mi="0" ci="7" mb="0" cb="2"/><line nr="22" mi="0" ci="7" mb="0" cb="0"/><line nr="24" mi="0" ci="4" mb="0" cb="0"/><line nr="25" mi="0" ci="4" mb="0" cb="0"/><line nr="26" mi="0" ci="2" mb="0" cb="0"/><line nr="29" mi="0" ci="3" mb="0" cb="0"/><line nr="33" mi="0" ci="4" mb="0" cb="0"/><line nr="34" mi="0" ci="7" mb="0" cb="2"/><line nr="35" mi="0" ci="7" mb="0" cb="2"/><line nr="36" mi="0" ci="11" mb="0" cb="0"/><line nr="41" mi="0" ci="2" mb="0" cb="0"/><line nr="49" mi="0" ci="8" mb="0" cb="0"/><line nr="53" mi="0" ci="2" mb="0" cb="0"/><line nr="54" mi="0" ci="5" mb="0" cb="0"/><line nr="55" mi="0" ci="8" mb="0" cb="2"/><line nr="56" mi="0" ci="10" mb="0" cb="2"/><line nr="57" mi="0" ci="6" mb="0" cb="0"/><line nr="58" mi="0" ci="6" mb="0" cb="0"/><line nr="59" mi="0" ci="8" mb="0" cb="2"/><line nr="60" mi="0" ci="8" mb="0" cb="0"/><line nr="62" mi="0" ci="14" mb="0" cb="0"/><line nr="65" mi="0" ci="3" mb="0" cb="0"/><line nr="67" mi="0" ci="2" mb="0" cb="0"/><line nr="69" mi="1" ci="0" mb="0" cb="0"/><line nr="70" mi="2" ci="0" mb="0" cb="0"/><line nr="71" mi="10" ci="0" mb="0" cb="0"/><line nr="72" mi="0" ci="1" mb="0" cb="0"/><line nr="73" mi="0" ci="3" mb="0" cb="0"/><line nr="78" mi="0" ci="2" mb="0" cb="0"/><line nr="79" mi="0" ci="2" mb="0" cb="0"/><line nr="80" mi="0" ci="2" mb="0" cb="0"/><line nr="82" mi="0" ci="5" mb="0" cb="0"/><line nr="83" mi="0" ci="5" mb="0" cb="0"/><line nr="84" mi="0" ci="5" mb="0" cb="0"/><line nr="86" mi="0" ci="5" mb="0" cb="0"/><line nr="88" mi="0" ci="3" mb="0" cb="2"/><line nr="89" mi="0" ci="2" mb="0" cb="0"/><line nr="92" mi="0" ci="3" mb="0" cb="0"/><line nr="93" mi="0" ci="8" mb="0" cb="2"/><line nr="94" mi="0" ci="1" mb="0" cb="0"/><line nr="95" mi="0" ci="2" mb="0" cb="0"/><line nr="98" mi="0" ci="6" mb="0" cb="0"/><line nr="99" mi="0" ci="5" mb="0" cb="0"/><line nr="100" mi="0" ci="3" mb="0" cb="0"/><line nr="101" mi="0" ci="3" mb="0" cb="0"/><line nr="102" mi="0" ci="3" mb="0" cb="2"/><line nr="103" mi="0" ci="9" mb="0" cb="2"/><line nr="104" mi="0" ci="5" mb="0" cb="0"/><line nr="105" mi="0" ci="8" mb="0" cb="2"/><line nr="106" mi="0" ci="8" mb="0" cb="0"/><line nr="112" mi="0" ci="2" mb="0" cb="0"/><line nr="113" mi="0" ci="2" mb="0" cb="0"/><line nr="114" mi="0" ci="2" mb="0" cb="0"/><line nr="121" mi="0" ci="2" mb="0" cb="0"/><line nr="122" mi="0" ci="2" mb="0" cb="0"/><line nr="123" mi="0" ci="16" mb="0" cb="2"/><line nr="124" mi="0" ci="16" mb="0" cb="2"/><line nr="125" mi="0" ci="5" mb="0" cb="0"/><line nr="126" mi="0" ci="11" mb="0" cb="0"/><line nr="128" mi="0" ci="9" mb="0" cb="0"/><line nr="131" mi="0" ci="3" mb="0" cb="0"/><line nr="132" mi="0" ci="1" mb="0" cb="0"/><line nr="135" mi="0" ci="10" mb="0" cb="0"/><line nr="138" mi="0" ci="8" mb="0" cb="2"/><line nr="139" mi="0" ci="12" mb="0" cb="2"/><line nr="140" mi="0" ci="9" mb="0" cb="4"/><line nr="141" mi="0" ci="16" mb="0" cb="0"/><line nr="142" mi="0" ci="6" mb="0" cb="2"/><line nr="143" mi="0" ci="7" mb="0" cb="0"/><line nr="145" mi="0" ci="10" mb="0" cb="0"/><line nr="151" mi="1" ci="0" mb="0" cb="0"/><line nr="152" mi="10" ci="0" mb="0" cb="0"/><line nr="153" mi="0" ci="1" mb="0" cb="0"/><line nr="154" mi="0" ci="2" mb="0" cb="0"/><line nr="160" mi="0" ci="8" mb="0" cb="0"/><line nr="164" mi="0" ci="8" mb="0" cb="2"/><line nr="165" mi="0" ci="10" mb="0" cb="2"/><line nr="166" mi="0" ci="6" mb="0" cb="0"/><line nr="168" mi="0" ci="6" mb="0" cb="0"/><line nr="173" mi="0" ci="8" mb="1" cb="2"/><line nr="175" mi="0" ci="8" mb="0" cb="2"/><line nr="176" mi="0" ci="4" mb="0" cb="0"/><line nr="180" mi="0" ci="1" mb="0" cb="0"/><line nr="182" mi="0" ci="8" mb="0" cb="2"/><line nr="183" mi="0" ci="5" mb="0" cb="0"/><line nr="186" mi="0" ci="1" mb="0" cb="0"/><line nr="188" mi="3" ci="0" mb="0" cb="0"/><line nr="192" mi="0" ci="2" mb="0" cb="0"/><line nr="198" mi="0" ci="8" mb="0" cb="0"/><line nr="208" mi="0" ci="8" mb="0" cb="2"/><line nr="209" mi="0" ci="10" mb="0" cb="2"/><line nr="210" mi="0" ci="6" mb="0" cb="0"/><line nr="211" mi="0" ci="6" mb="0" cb="0"/><line nr="217" mi="0" ci="8" mb="1" cb="2"/><line nr="220" mi="0" ci="6" mb="0" cb="0"/><line nr="221" mi="0" ci="4" mb="0" cb="0"/><line nr="222" mi="0" ci="13" mb="0" cb="0"/><line nr="223" mi="0" ci="6" mb="0" cb="0"/><line nr="224" mi="0" ci="1" mb="0" cb="0"/><line nr="227" mi="0" ci="6" mb="0" cb="0"/><line nr="228" mi="0" ci="4" mb="0" cb="0"/><line nr="229" mi="0" ci="13" mb="0" cb="0"/><line nr="230" mi="0" ci="6" mb="0" cb="0"/><line nr="231" mi="0" ci="1" mb="0" cb="0"/><line nr="234" mi="3" ci="0" mb="0" cb="0"/><line nr="239" mi="1" ci="0" mb="0" cb="0"/><line nr="240" mi="3" ci="0" mb="0" cb="0"/><line nr="241" mi="0" ci="1" mb="0" cb="0"/><line nr="242" mi="0" ci="2" mb="0" cb="0"/><line nr="250" mi="0" ci="2" mb="0" cb="0"/><line nr="251" mi="0" ci="2" mb="0" cb="0"/><line nr="252" mi="0" ci="2" mb="0" cb="0"/><line nr="253" mi="0" ci="2" mb="0" cb="0"/><line nr="258" mi="0" ci="8" mb="0" cb="2"/><line nr="259" mi="0" ci="10" mb="0" cb="2"/><line nr="260" mi="0" ci="6" mb="0" cb="0"/><line nr="261" mi="0" ci="4" mb="0" cb="0"/><line nr="262" mi="0" ci="10" mb="0" cb="2"/><line nr="263" mi="0" ci="1" mb="0" cb="0"/><line nr="264" mi="0" ci="1" mb="0" cb="0"/><line nr="265" mi="0" ci="22" mb="0" cb="0"/><line nr="268" mi="0" ci="2" mb="0" cb="0"/><line nr="272" mi="0" ci="2" mb="0" cb="0"/><line nr="273" mi="0" ci="2" mb="0" cb="0"/><line nr="274" mi="0" ci="8" mb="0" cb="2"/><line nr="275" mi="0" ci="10" mb="0" cb="2"/><line nr="276" mi="0" ci="6" mb="0" cb="0"/><line nr="277" mi="0" ci="4" mb="0" cb="0"/><line nr="278" mi="0" ci="10" mb="0" cb="2"/><line nr="279" mi="0" ci="1" mb="0" cb="0"/><line nr="280" mi="0" ci="1" mb="0" cb="0"/><line nr="281" mi="0" ci="22" mb="0" cb="0"/><line nr="284" mi="0" ci="2" mb="0" cb="0"/><line nr="285" mi="0" ci="2" mb="0" cb="0"/><line nr="288" mi="0" ci="4" mb="0" cb="2"/><line nr="289" mi="0" ci="2" mb="0" cb="0"/><line nr="291" mi="0" ci="2" mb="0" cb="0"/><counter type="INSTRUCTION" missed="34" covered="763"/><counter type="BRANCH" missed="2" covered="70"/><counter type="LINE" missed="9" covered="136"/><counter type="COMPLEXITY" missed="2" covered="46"/><counter type="METHOD" missed="0" covered="11"/><counter type="CLASS" missed="0" covered="1"/></sourcefile><counter type="INSTRUCTION" missed="34" covered="763"/><counter type="BRANCH" missed="2" covered="70"/><counter type="LINE" missed="9" covered="136"/><counter type="COMPLEXITY" missed="2" covered="46"/><counter type="METHOD" missed="0" covered="11"/><counter type="CLASS" missed="0" covered="1"/></package><counter type="INSTRUCTION" missed="34" covered="763"/><counter type="BRANCH" missed="2" covered="70"/><counter type="LINE" missed="9" covered="136"/><counter type="COMPLEXITY" missed="2" covered="46"/><counter type="METHOD" missed="0" covered="11"/><counter type="CLASS" missed="0" covered="1"/></report>